2024/12/03 15:26:57 [notice] 1#1: using the "epoll" event method
2024/12/03 15:26:57 [notice] 1#1: nginx/1.27.2
2024/12/03 15:26:57 [notice] 1#1: built by gcc 13.2.1 20240309 (Alpine 13.2.1_git20240309) 
2024/12/03 15:26:57 [notice] 1#1: OS: Linux 6.6.12-linuxkit
2024/12/03 15:26:57 [notice] 1#1: getrlimit(RLIMIT_NOFILE): 1048576:1048576
2024/12/03 15:26:57 [notice] 1#1: start worker processes
2024/12/03 15:26:57 [notice] 1#1: start worker process 20
2024/12/03 15:26:57 [notice] 1#1: start worker process 21
2024/12/03 15:26:57 [notice] 1#1: start worker process 22
2024/12/03 15:26:57 [notice] 1#1: start worker process 23
2024/12/03 15:26:57 [notice] 1#1: start worker process 24
2024/12/03 15:26:57 [notice] 1#1: start worker process 25
2024/12/03 15:26:57 [notice] 1#1: start worker process 26
2024/12/03 15:26:57 [notice] 1#1: start worker process 27
2024/12/03 15:26:57 [notice] 1#1: start worker process 28
2024/12/03 15:26:57 [notice] 1#1: start worker process 29
2024/12/03 15:27:31 [notice] 1#1: signal 3 (SIGQUIT) received, shutting down
2024/12/03 15:27:31 [notice] 20#20: gracefully shutting down
2024/12/03 15:27:31 [notice] 29#29: gracefully shutting down
2024/12/03 15:27:31 [notice] 21#21: gracefully shutting down
2024/12/03 15:27:31 [notice] 23#23: gracefully shutting down
2024/12/03 15:27:31 [notice] 23#23: exiting
2024/12/03 15:27:31 [notice] 25#25: gracefully shutting down
2024/12/03 15:27:31 [notice] 25#25: exiting
2024/12/03 15:27:31 [notice] 24#24: gracefully shutting down
2024/12/03 15:27:31 [notice] 22#22: gracefully shutting down
2024/12/03 15:27:31 [notice] 27#27: gracefully shutting down
2024/12/03 15:27:31 [notice] 28#28: gracefully shutting down
2024/12/03 15:27:31 [notice] 26#26: gracefully shutting down
2024/12/03 15:27:31 [notice] 20#20: exiting
2024/12/03 15:27:31 [notice] 29#29: exiting
2024/12/03 15:27:31 [notice] 21#21: exiting
2024/12/03 15:27:31 [notice] 23#23: exit
2024/12/03 15:27:31 [notice] 25#25: exit
2024/12/03 15:27:31 [notice] 24#24: exiting
2024/12/03 15:27:31 [notice] 22#22: exiting
2024/12/03 15:27:31 [notice] 27#27: exiting
2024/12/03 15:27:31 [notice] 28#28: exiting
2024/12/03 15:27:31 [notice] 26#26: exiting
2024/12/03 15:27:31 [notice] 20#20: exit
2024/12/03 15:27:31 [notice] 29#29: exit
2024/12/03 15:27:31 [notice] 21#21: exit
2024/12/03 15:27:31 [notice] 24#24: exit
2024/12/03 15:27:31 [notice] 22#22: exit
2024/12/03 15:27:31 [notice] 27#27: exit
2024/12/03 15:27:31 [notice] 28#28: exit
2024/12/03 15:27:31 [notice] 26#26: exit
2024/12/03 15:27:31 [notice] 1#1: signal 17 (SIGCHLD) received from 25
2024/12/03 15:27:31 [notice] 1#1: worker process 20 exited with code 0
2024/12/03 15:27:31 [notice] 1#1: worker process 21 exited with code 0
2024/12/03 15:27:31 [notice] 1#1: worker process 22 exited with code 0
2024/12/03 15:27:31 [notice] 1#1: worker process 23 exited with code 0
2024/12/03 15:27:31 [notice] 1#1: worker process 24 exited with code 0
2024/12/03 15:27:31 [notice] 1#1: worker process 25 exited with code 0
2024/12/03 15:27:31 [notice] 1#1: worker process 26 exited with code 0
2024/12/03 15:27:31 [notice] 1#1: worker process 27 exited with code 0
2024/12/03 15:27:31 [notice] 1#1: worker process 28 exited with code 0
2024/12/03 15:27:31 [notice] 1#1: worker process 29 exited with code 0
2024/12/03 15:27:31 [notice] 1#1: exit
2024/12/03 15:27:41 [notice] 1#1: using the "epoll" event method
2024/12/03 15:27:41 [notice] 1#1: nginx/1.27.2
2024/12/03 15:27:41 [notice] 1#1: built by gcc 13.2.1 20240309 (Alpine 13.2.1_git20240309) 
2024/12/03 15:27:41 [notice] 1#1: OS: Linux 6.6.12-linuxkit
2024/12/03 15:27:41 [notice] 1#1: getrlimit(RLIMIT_NOFILE): 1048576:1048576
2024/12/03 15:27:41 [notice] 1#1: start worker processes
2024/12/03 15:27:41 [notice] 1#1: start worker process 20
2024/12/03 15:27:41 [notice] 1#1: start worker process 21
2024/12/03 15:27:41 [notice] 1#1: start worker process 22
2024/12/03 15:27:41 [notice] 1#1: start worker process 23
2024/12/03 15:27:41 [notice] 1#1: start worker process 24
2024/12/03 15:27:41 [notice] 1#1: start worker process 25
2024/12/03 15:27:41 [notice] 1#1: start worker process 26
2024/12/03 15:27:41 [notice] 1#1: start worker process 27
2024/12/03 15:27:41 [notice] 1#1: start worker process 28
2024/12/03 15:27:41 [notice] 1#1: start worker process 29
2024/12/03 16:32:18 [notice] 1#1: signal 3 (SIGQUIT) received, shutting down
2024/12/03 16:32:18 [notice] 20#20: gracefully shutting down
2024/12/03 16:32:18 [notice] 21#21: gracefully shutting down
2024/12/03 16:32:18 [notice] 22#22: gracefully shutting down
2024/12/03 16:32:18 [notice] 23#23: gracefully shutting down
2024/12/03 16:32:18 [notice] 29#29: gracefully shutting down
2024/12/03 16:32:18 [notice] 24#24: gracefully shutting down
2024/12/03 16:32:18 [notice] 28#28: gracefully shutting down
2024/12/03 16:32:18 [notice] 24#24: exiting
2024/12/03 16:32:18 [notice] 27#27: gracefully shutting down
2024/12/03 16:32:18 [notice] 26#26: gracefully shutting down
2024/12/03 16:32:18 [notice] 24#24: exit
2024/12/03 16:32:18 [notice] 25#25: gracefully shutting down
2024/12/03 16:32:18 [notice] 26#26: exiting
2024/12/03 16:32:18 [notice] 20#20: exiting
2024/12/03 16:32:18 [notice] 21#21: exiting
2024/12/03 16:32:18 [notice] 22#22: exiting
2024/12/03 16:32:18 [notice] 23#23: exiting
2024/12/03 16:32:18 [notice] 29#29: exiting
2024/12/03 16:32:18 [notice] 28#28: exiting
2024/12/03 16:32:18 [notice] 27#27: exiting
2024/12/03 16:32:18 [notice] 25#25: exiting
2024/12/03 16:32:18 [notice] 26#26: exit
2024/12/03 16:32:18 [notice] 20#20: exit
2024/12/03 16:32:18 [notice] 21#21: exit
2024/12/03 16:32:18 [notice] 22#22: exit
2024/12/03 16:32:18 [notice] 23#23: exit
2024/12/03 16:32:18 [notice] 29#29: exit
2024/12/03 16:32:18 [notice] 28#28: exit
2024/12/03 16:32:18 [notice] 27#27: exit
2024/12/03 16:32:18 [notice] 25#25: exit
2024/12/03 16:32:18 [notice] 1#1: signal 17 (SIGCHLD) received from 21
2024/12/03 16:32:18 [notice] 1#1: worker process 21 exited with code 0
2024/12/03 16:32:18 [notice] 1#1: worker process 26 exited with code 0
2024/12/03 16:32:18 [notice] 1#1: signal 29 (SIGIO) received
2024/12/03 16:32:18 [notice] 1#1: signal 17 (SIGCHLD) received from 27
2024/12/03 16:32:18 [notice] 1#1: worker process 20 exited with code 0
2024/12/03 16:32:18 [notice] 1#1: worker process 22 exited with code 0
2024/12/03 16:32:18 [notice] 1#1: worker process 23 exited with code 0
2024/12/03 16:32:18 [notice] 1#1: worker process 24 exited with code 0
2024/12/03 16:32:18 [notice] 1#1: worker process 27 exited with code 0
2024/12/03 16:32:18 [notice] 1#1: worker process 29 exited with code 0
2024/12/03 16:32:18 [notice] 1#1: signal 29 (SIGIO) received
2024/12/03 16:32:18 [notice] 1#1: signal 17 (SIGCHLD) received from 20
2024/12/03 16:32:18 [notice] 1#1: signal 17 (SIGCHLD) received from 28
2024/12/03 16:32:18 [notice] 1#1: worker process 25 exited with code 0
2024/12/03 16:32:18 [notice] 1#1: worker process 28 exited with code 0
2024/12/03 16:32:18 [notice] 1#1: exit
2024/12/11 10:29:56 [notice] 1#1: using the "epoll" event method
2024/12/11 10:29:56 [notice] 1#1: nginx/1.27.3
2024/12/11 10:29:56 [notice] 1#1: built by gcc 13.2.1 20240309 (Alpine 13.2.1_git20240309) 
2024/12/11 10:29:56 [notice] 1#1: OS: Linux 6.6.12-linuxkit
2024/12/11 10:29:56 [notice] 1#1: getrlimit(RLIMIT_NOFILE): 1048576:1048576
2024/12/11 10:29:56 [notice] 1#1: start worker processes
2024/12/11 10:29:56 [notice] 1#1: start worker process 20
2024/12/11 10:29:56 [notice] 1#1: start worker process 21
2024/12/11 10:29:56 [notice] 1#1: start worker process 22
2024/12/11 10:29:56 [notice] 1#1: start worker process 23
2024/12/11 10:29:56 [notice] 1#1: start worker process 24
2024/12/11 10:29:56 [notice] 1#1: start worker process 25
2024/12/11 10:29:56 [notice] 1#1: start worker process 26
2024/12/11 10:29:56 [notice] 1#1: start worker process 27
2024/12/11 10:29:56 [notice] 1#1: start worker process 28
2024/12/11 10:29:56 [notice] 1#1: start worker process 29
2024/12/11 10:34:03 [notice] 1#1: signal 3 (SIGQUIT) received, shutting down
2024/12/11 10:34:03 [notice] 20#20: gracefully shutting down
2024/12/11 10:34:03 [notice] 22#22: gracefully shutting down
2024/12/11 10:34:03 [notice] 21#21: gracefully shutting down
2024/12/11 10:34:03 [notice] 23#23: gracefully shutting down
2024/12/11 10:34:03 [notice] 26#26: gracefully shutting down
2024/12/11 10:34:03 [notice] 24#24: gracefully shutting down
2024/12/11 10:34:03 [notice] 25#25: gracefully shutting down
2024/12/11 10:34:03 [notice] 24#24: exiting
2024/12/11 10:34:03 [notice] 28#28: gracefully shutting down
2024/12/11 10:34:03 [notice] 27#27: gracefully shutting down
2024/12/11 10:34:03 [notice] 29#29: gracefully shutting down
2024/12/11 10:34:03 [notice] 20#20: exiting
2024/12/11 10:34:03 [notice] 29#29: exiting
2024/12/11 10:34:03 [notice] 22#22: exiting
2024/12/11 10:34:03 [notice] 21#21: exiting
2024/12/11 10:34:03 [notice] 23#23: exiting
2024/12/11 10:34:03 [notice] 26#26: exiting
2024/12/11 10:34:03 [notice] 25#25: exiting
2024/12/11 10:34:03 [notice] 24#24: exit
2024/12/11 10:34:03 [notice] 28#28: exiting
2024/12/11 10:34:03 [notice] 27#27: exiting
2024/12/11 10:34:03 [notice] 20#20: exit
2024/12/11 10:34:03 [notice] 29#29: exit
2024/12/11 10:34:03 [notice] 22#22: exit
2024/12/11 10:34:03 [notice] 21#21: exit
2024/12/11 10:34:03 [notice] 23#23: exit
2024/12/11 10:34:03 [notice] 26#26: exit
2024/12/11 10:34:03 [notice] 25#25: exit
2024/12/11 10:34:03 [notice] 28#28: exit
2024/12/11 10:34:03 [notice] 27#27: exit
2024/12/11 10:34:03 [notice] 1#1: signal 17 (SIGCHLD) received from 20
2024/12/11 10:34:03 [notice] 1#1: worker process 20 exited with code 0
2024/12/11 10:34:03 [notice] 1#1: worker process 22 exited with code 0
2024/12/11 10:34:03 [notice] 1#1: worker process 23 exited with code 0
2024/12/11 10:34:03 [notice] 1#1: worker process 29 exited with code 0
2024/12/11 10:34:03 [notice] 1#1: signal 29 (SIGIO) received
2024/12/11 10:34:03 [notice] 1#1: signal 17 (SIGCHLD) received from 29
2024/12/11 10:34:03 [notice] 1#1: signal 17 (SIGCHLD) received from 24
2024/12/11 10:34:03 [notice] 1#1: worker process 21 exited with code 0
2024/12/11 10:34:03 [notice] 1#1: worker process 24 exited with code 0
2024/12/11 10:34:03 [notice] 1#1: signal 29 (SIGIO) received
2024/12/11 10:34:03 [notice] 1#1: signal 17 (SIGCHLD) received from 21
2024/12/11 10:34:03 [notice] 1#1: signal 17 (SIGCHLD) received from 26
2024/12/11 10:34:03 [notice] 1#1: worker process 25 exited with code 0
2024/12/11 10:34:03 [notice] 1#1: worker process 26 exited with code 0
2024/12/11 10:34:03 [notice] 1#1: worker process 27 exited with code 0
2024/12/11 10:34:03 [notice] 1#1: worker process 28 exited with code 0
2024/12/11 10:34:03 [notice] 1#1: exit
2024/12/11 10:34:16 [notice] 1#1: using the "epoll" event method
2024/12/11 10:34:16 [notice] 1#1: nginx/1.27.3
2024/12/11 10:34:16 [notice] 1#1: built by gcc 13.2.1 20240309 (Alpine 13.2.1_git20240309) 
2024/12/11 10:34:16 [notice] 1#1: OS: Linux 6.6.12-linuxkit
2024/12/11 10:34:16 [notice] 1#1: getrlimit(RLIMIT_NOFILE): 1048576:1048576
2024/12/11 10:34:16 [notice] 1#1: start worker processes
2024/12/11 10:34:16 [notice] 1#1: start worker process 20
2024/12/11 10:34:16 [notice] 1#1: start worker process 21
2024/12/11 10:34:16 [notice] 1#1: start worker process 22
2024/12/11 10:34:16 [notice] 1#1: start worker process 23
2024/12/11 10:34:16 [notice] 1#1: start worker process 24
2024/12/11 10:34:16 [notice] 1#1: start worker process 25
2024/12/11 10:34:16 [notice] 1#1: start worker process 26
2024/12/11 10:34:16 [notice] 1#1: start worker process 27
2024/12/11 10:34:16 [notice] 1#1: start worker process 28
2024/12/11 10:34:16 [notice] 1#1: start worker process 29
2024/12/11 10:34:38 [notice] 1#1: signal 3 (SIGQUIT) received, shutting down
2024/12/11 10:34:38 [notice] 20#20: gracefully shutting down
2024/12/11 10:34:38 [notice] 22#22: gracefully shutting down
2024/12/11 10:34:38 [notice] 27#27: gracefully shutting down
2024/12/11 10:34:38 [notice] 21#21: gracefully shutting down
2024/12/11 10:34:38 [notice] 21#21: exiting
2024/12/11 10:34:38 [notice] 29#29: gracefully shutting down
2024/12/11 10:34:38 [notice] 29#29: exiting
2024/12/11 10:34:38 [notice] 28#28: gracefully shutting down
2024/12/11 10:34:38 [notice] 26#26: gracefully shutting down
2024/12/11 10:34:38 [notice] 23#23: gracefully shutting down
2024/12/11 10:34:38 [notice] 24#24: gracefully shutting down
2024/12/11 10:34:38 [notice] 25#25: gracefully shutting down
2024/12/11 10:34:38 [notice] 20#20: exiting
2024/12/11 10:34:38 [notice] 22#22: exiting
2024/12/11 10:34:38 [notice] 27#27: exiting
2024/12/11 10:34:38 [notice] 21#21: exit
2024/12/11 10:34:38 [notice] 29#29: exit
2024/12/11 10:34:38 [notice] 28#28: exiting
2024/12/11 10:34:38 [notice] 26#26: exiting
2024/12/11 10:34:38 [notice] 23#23: exiting
2024/12/11 10:34:38 [notice] 24#24: exiting
2024/12/11 10:34:38 [notice] 25#25: exiting
2024/12/11 10:34:38 [notice] 20#20: exit
2024/12/11 10:34:38 [notice] 22#22: exit
2024/12/11 10:34:38 [notice] 27#27: exit
2024/12/11 10:34:38 [notice] 28#28: exit
2024/12/11 10:34:38 [notice] 26#26: exit
2024/12/11 10:34:38 [notice] 23#23: exit
2024/12/11 10:34:38 [notice] 24#24: exit
2024/12/11 10:34:38 [notice] 25#25: exit
2024/12/11 10:34:38 [notice] 1#1: signal 17 (SIGCHLD) received from 28
2024/12/11 10:34:38 [notice] 1#1: worker process 22 exited with code 0
2024/12/11 10:34:38 [notice] 1#1: worker process 23 exited with code 0
2024/12/11 10:34:38 [notice] 1#1: worker process 24 exited with code 0
2024/12/11 10:34:38 [notice] 1#1: worker process 26 exited with code 0
2024/12/11 10:34:38 [notice] 1#1: worker process 27 exited with code 0
2024/12/11 10:34:38 [notice] 1#1: worker process 28 exited with code 0
2024/12/11 10:34:38 [notice] 1#1: worker process 29 exited with code 0
2024/12/11 10:34:38 [notice] 1#1: signal 29 (SIGIO) received
2024/12/11 10:34:38 [notice] 1#1: signal 17 (SIGCHLD) received from 26
2024/12/11 10:34:38 [notice] 1#1: signal 17 (SIGCHLD) received from 21
2024/12/11 10:34:38 [notice] 1#1: worker process 20 exited with code 0
2024/12/11 10:34:38 [notice] 1#1: worker process 21 exited with code 0
2024/12/11 10:34:38 [notice] 1#1: worker process 25 exited with code 0
2024/12/11 10:34:38 [notice] 1#1: exit
2024/12/11 10:35:38 [notice] 1#1: using the "epoll" event method
2024/12/11 10:35:38 [notice] 1#1: nginx/1.27.3
2024/12/11 10:35:38 [notice] 1#1: built by gcc 13.2.1 20240309 (Alpine 13.2.1_git20240309) 
2024/12/11 10:35:38 [notice] 1#1: OS: Linux 6.6.12-linuxkit
2024/12/11 10:35:38 [notice] 1#1: getrlimit(RLIMIT_NOFILE): 1048576:1048576
2024/12/11 10:35:38 [notice] 1#1: start worker processes
2024/12/11 10:35:38 [notice] 1#1: start worker process 20
2024/12/11 10:35:38 [notice] 1#1: start worker process 21
2024/12/11 10:35:38 [notice] 1#1: start worker process 22
2024/12/11 10:35:38 [notice] 1#1: start worker process 23
2024/12/11 10:35:38 [notice] 1#1: start worker process 24
2024/12/11 10:35:38 [notice] 1#1: start worker process 25
2024/12/11 10:35:38 [notice] 1#1: start worker process 26
2024/12/11 10:35:38 [notice] 1#1: start worker process 27
2024/12/11 10:35:38 [notice] 1#1: start worker process 28
2024/12/11 10:35:38 [notice] 1#1: start worker process 29
2024/12/11 10:35:49 [notice] 1#1: signal 3 (SIGQUIT) received, shutting down
2024/12/11 10:35:49 [notice] 20#20: gracefully shutting down
2024/12/11 10:35:49 [notice] 21#21: gracefully shutting down
2024/12/11 10:35:49 [notice] 22#22: gracefully shutting down
2024/12/11 10:35:49 [notice] 22#22: exiting
2024/12/11 10:35:49 [notice] 23#23: gracefully shutting down
2024/12/11 10:35:49 [notice] 24#24: gracefully shutting down
2024/12/11 10:35:49 [notice] 27#27: gracefully shutting down
2024/12/11 10:35:49 [notice] 27#27: exiting
2024/12/11 10:35:49 [notice] 28#28: gracefully shutting down
2024/12/11 10:35:49 [notice] 29#29: gracefully shutting down
2024/12/11 10:35:49 [notice] 25#25: gracefully shutting down
2024/12/11 10:35:49 [notice] 26#26: gracefully shutting down
2024/12/11 10:35:49 [notice] 20#20: exiting
2024/12/11 10:35:49 [notice] 21#21: exiting
2024/12/11 10:35:49 [notice] 22#22: exit
2024/12/11 10:35:49 [notice] 23#23: exiting
2024/12/11 10:35:49 [notice] 24#24: exiting
2024/12/11 10:35:49 [notice] 27#27: exit
2024/12/11 10:35:49 [notice] 28#28: exiting
2024/12/11 10:35:49 [notice] 29#29: exiting
2024/12/11 10:35:49 [notice] 25#25: exiting
2024/12/11 10:35:49 [notice] 26#26: exiting
2024/12/11 10:35:49 [notice] 20#20: exit
2024/12/11 10:35:49 [notice] 21#21: exit
2024/12/11 10:35:49 [notice] 23#23: exit
2024/12/11 10:35:49 [notice] 24#24: exit
2024/12/11 10:35:49 [notice] 28#28: exit
2024/12/11 10:35:49 [notice] 29#29: exit
2024/12/11 10:35:49 [notice] 25#25: exit
2024/12/11 10:35:49 [notice] 26#26: exit
2024/12/11 10:35:49 [notice] 1#1: signal 17 (SIGCHLD) received from 28
2024/12/11 10:35:49 [notice] 1#1: worker process 20 exited with code 0
2024/12/11 10:35:49 [notice] 1#1: worker process 21 exited with code 0
2024/12/11 10:35:49 [notice] 1#1: worker process 22 exited with code 0
2024/12/11 10:35:49 [notice] 1#1: worker process 23 exited with code 0
2024/12/11 10:35:49 [notice] 1#1: worker process 24 exited with code 0
2024/12/11 10:35:49 [notice] 1#1: worker process 27 exited with code 0
2024/12/11 10:35:49 [notice] 1#1: worker process 28 exited with code 0
2024/12/11 10:35:49 [notice] 1#1: signal 29 (SIGIO) received
2024/12/11 10:35:49 [notice] 1#1: signal 17 (SIGCHLD) received from 24
2024/12/11 10:35:50 [notice] 1#1: signal 17 (SIGCHLD) received from 26
2024/12/11 10:35:50 [notice] 1#1: worker process 26 exited with code 0
2024/12/11 10:35:50 [notice] 1#1: worker process 29 exited with code 0
2024/12/11 10:35:50 [notice] 1#1: signal 29 (SIGIO) received
2024/12/11 10:35:50 [notice] 1#1: signal 17 (SIGCHLD) received from 29
2024/12/11 10:35:50 [notice] 1#1: signal 17 (SIGCHLD) received from 25
2024/12/11 10:35:50 [notice] 1#1: worker process 25 exited with code 0
2024/12/11 10:35:50 [notice] 1#1: exit
2024/12/11 10:36:00 [notice] 1#1: using the "epoll" event method
2024/12/11 10:36:00 [notice] 1#1: nginx/1.27.3
2024/12/11 10:36:00 [notice] 1#1: built by gcc 13.2.1 20240309 (Alpine 13.2.1_git20240309) 
2024/12/11 10:36:00 [notice] 1#1: OS: Linux 6.6.12-linuxkit
2024/12/11 10:36:00 [notice] 1#1: getrlimit(RLIMIT_NOFILE): 1048576:1048576
2024/12/11 10:36:00 [notice] 1#1: start worker processes
2024/12/11 10:36:00 [notice] 1#1: start worker process 20
2024/12/11 10:36:00 [notice] 1#1: start worker process 21
2024/12/11 10:36:00 [notice] 1#1: start worker process 22
2024/12/11 10:36:00 [notice] 1#1: start worker process 23
2024/12/11 10:36:00 [notice] 1#1: start worker process 24
2024/12/11 10:36:00 [notice] 1#1: start worker process 25
2024/12/11 10:36:00 [notice] 1#1: start worker process 26
2024/12/11 10:36:00 [notice] 1#1: start worker process 27
2024/12/11 10:36:00 [notice] 1#1: start worker process 28
2024/12/11 10:36:00 [notice] 1#1: start worker process 29
2024/12/11 10:36:07 [notice] 1#1: signal 3 (SIGQUIT) received, shutting down
2024/12/11 10:36:07 [notice] 20#20: gracefully shutting down
2024/12/11 10:36:07 [notice] 20#20: exiting
2024/12/11 10:36:07 [notice] 21#21: gracefully shutting down
2024/12/11 10:36:07 [notice] 22#22: gracefully shutting down
2024/12/11 10:36:07 [notice] 23#23: gracefully shutting down
2024/12/11 10:36:07 [notice] 23#23: exiting
2024/12/11 10:36:07 [notice] 24#24: gracefully shutting down
2024/12/11 10:36:07 [notice] 25#25: gracefully shutting down
2024/12/11 10:36:07 [notice] 26#26: gracefully shutting down
2024/12/11 10:36:07 [notice] 27#27: gracefully shutting down
2024/12/11 10:36:07 [notice] 28#28: gracefully shutting down
2024/12/11 10:36:07 [notice] 29#29: gracefully shutting down
2024/12/11 10:36:07 [notice] 20#20: exit
2024/12/11 10:36:07 [notice] 21#21: exiting
2024/12/11 10:36:07 [notice] 22#22: exiting
2024/12/11 10:36:07 [notice] 23#23: exit
2024/12/11 10:36:07 [notice] 24#24: exiting
2024/12/11 10:36:07 [notice] 25#25: exiting
2024/12/11 10:36:07 [notice] 26#26: exiting
2024/12/11 10:36:07 [notice] 27#27: exiting
2024/12/11 10:36:07 [notice] 28#28: exiting
2024/12/11 10:36:07 [notice] 29#29: exiting
2024/12/11 10:36:07 [notice] 21#21: exit
2024/12/11 10:36:07 [notice] 22#22: exit
2024/12/11 10:36:07 [notice] 24#24: exit
2024/12/11 10:36:07 [notice] 25#25: exit
2024/12/11 10:36:07 [notice] 26#26: exit
2024/12/11 10:36:07 [notice] 27#27: exit
2024/12/11 10:36:07 [notice] 28#28: exit
2024/12/11 10:36:07 [notice] 29#29: exit
2024/12/11 10:36:07 [notice] 1#1: signal 17 (SIGCHLD) received from 23
2024/12/11 10:36:07 [notice] 1#1: worker process 20 exited with code 0
2024/12/11 10:36:07 [notice] 1#1: worker process 21 exited with code 0
2024/12/11 10:36:07 [notice] 1#1: worker process 22 exited with code 0
2024/12/11 10:36:07 [notice] 1#1: worker process 23 exited with code 0
2024/12/11 10:36:07 [notice] 1#1: worker process 24 exited with code 0
2024/12/11 10:36:07 [notice] 1#1: worker process 25 exited with code 0
2024/12/11 10:36:07 [notice] 1#1: worker process 26 exited with code 0
2024/12/11 10:36:07 [notice] 1#1: worker process 28 exited with code 0
2024/12/11 10:36:07 [notice] 1#1: worker process 29 exited with code 0
2024/12/11 10:36:07 [notice] 1#1: signal 29 (SIGIO) received
2024/12/11 10:36:07 [notice] 1#1: signal 17 (SIGCHLD) received from 25
2024/12/11 10:36:07 [notice] 1#1: signal 17 (SIGCHLD) received from 27
2024/12/11 10:36:07 [notice] 1#1: worker process 27 exited with code 0
2024/12/11 10:36:07 [notice] 1#1: exit
2024/12/11 10:36:19 [notice] 1#1: using the "epoll" event method
2024/12/11 10:36:19 [notice] 1#1: nginx/1.27.3
2024/12/11 10:36:19 [notice] 1#1: built by gcc 13.2.1 20240309 (Alpine 13.2.1_git20240309) 
2024/12/11 10:36:19 [notice] 1#1: OS: Linux 6.6.12-linuxkit
2024/12/11 10:36:19 [notice] 1#1: getrlimit(RLIMIT_NOFILE): 1048576:1048576
2024/12/11 10:36:19 [notice] 1#1: start worker processes
2024/12/11 10:36:19 [notice] 1#1: start worker process 20
2024/12/11 10:36:19 [notice] 1#1: start worker process 21
2024/12/11 10:36:19 [notice] 1#1: start worker process 22
2024/12/11 10:36:19 [notice] 1#1: start worker process 23
2024/12/11 10:36:19 [notice] 1#1: start worker process 24
2024/12/11 10:36:19 [notice] 1#1: start worker process 25
2024/12/11 10:36:19 [notice] 1#1: start worker process 26
2024/12/11 10:36:19 [notice] 1#1: start worker process 27
2024/12/11 10:36:19 [notice] 1#1: start worker process 28
2024/12/11 10:36:19 [notice] 1#1: start worker process 29
2024/12/11 10:45:29 [notice] 1#1: signal 3 (SIGQUIT) received, shutting down
2024/12/11 10:45:29 [notice] 20#20: gracefully shutting down
2024/12/11 10:45:29 [notice] 21#21: gracefully shutting down
2024/12/11 10:45:29 [notice] 23#23: gracefully shutting down
2024/12/11 10:45:29 [notice] 22#22: gracefully shutting down
2024/12/11 10:45:29 [notice] 24#24: gracefully shutting down
2024/12/11 10:45:29 [notice] 25#25: gracefully shutting down
2024/12/11 10:45:29 [notice] 26#26: gracefully shutting down
2024/12/11 10:45:29 [notice] 27#27: gracefully shutting down
2024/12/11 10:45:29 [notice] 29#29: gracefully shutting down
2024/12/11 10:45:29 [notice] 28#28: gracefully shutting down
2024/12/11 10:45:29 [notice] 20#20: exiting
2024/12/11 10:45:29 [notice] 21#21: exiting
2024/12/11 10:45:29 [notice] 23#23: exiting
2024/12/11 10:45:29 [notice] 22#22: exiting
2024/12/11 10:45:29 [notice] 24#24: exiting
2024/12/11 10:45:29 [notice] 25#25: exiting
2024/12/11 10:45:29 [notice] 26#26: exiting
2024/12/11 10:45:29 [notice] 27#27: exiting
2024/12/11 10:45:29 [notice] 29#29: exiting
2024/12/11 10:45:29 [notice] 28#28: exiting
2024/12/11 10:45:29 [notice] 20#20: exit
2024/12/11 10:45:29 [notice] 21#21: exit
2024/12/11 10:45:29 [notice] 23#23: exit
2024/12/11 10:45:29 [notice] 22#22: exit
2024/12/11 10:45:29 [notice] 24#24: exit
2024/12/11 10:45:29 [notice] 25#25: exit
2024/12/11 10:45:29 [notice] 26#26: exit
2024/12/11 10:45:29 [notice] 27#27: exit
2024/12/11 10:45:29 [notice] 29#29: exit
2024/12/11 10:45:29 [notice] 28#28: exit
2024/12/11 10:45:29 [notice] 1#1: signal 17 (SIGCHLD) received from 21
2024/12/11 10:45:29 [notice] 1#1: worker process 21 exited with code 0
2024/12/11 10:45:29 [notice] 1#1: signal 29 (SIGIO) received
2024/12/11 10:45:29 [notice] 1#1: signal 17 (SIGCHLD) received from 27
2024/12/11 10:45:29 [notice] 1#1: worker process 20 exited with code 0
2024/12/11 10:45:29 [notice] 1#1: worker process 22 exited with code 0
2024/12/11 10:45:29 [notice] 1#1: worker process 23 exited with code 0
2024/12/11 10:45:29 [notice] 1#1: worker process 24 exited with code 0
2024/12/11 10:45:29 [notice] 1#1: worker process 25 exited with code 0
2024/12/11 10:45:29 [notice] 1#1: worker process 26 exited with code 0
2024/12/11 10:45:29 [notice] 1#1: worker process 27 exited with code 0
2024/12/11 10:45:29 [notice] 1#1: worker process 28 exited with code 0
2024/12/11 10:45:29 [notice] 1#1: worker process 29 exited with code 0
2024/12/11 10:45:29 [notice] 1#1: exit
2024/12/11 10:47:32 [notice] 1#1: using the "epoll" event method
2024/12/11 10:47:32 [notice] 1#1: nginx/1.27.3
2024/12/11 10:47:32 [notice] 1#1: built by gcc 13.2.1 20240309 (Alpine 13.2.1_git20240309) 
2024/12/11 10:47:32 [notice] 1#1: OS: Linux 6.6.12-linuxkit
2024/12/11 10:47:32 [notice] 1#1: getrlimit(RLIMIT_NOFILE): 1048576:1048576
2024/12/11 10:47:32 [notice] 1#1: start worker processes
2024/12/11 10:47:32 [notice] 1#1: start worker process 20
2024/12/11 10:47:32 [notice] 1#1: start worker process 21
2024/12/11 10:47:32 [notice] 1#1: start worker process 22
2024/12/11 10:47:32 [notice] 1#1: start worker process 23
2024/12/11 10:47:32 [notice] 1#1: start worker process 24
2024/12/11 10:47:32 [notice] 1#1: start worker process 25
2024/12/11 10:47:32 [notice] 1#1: start worker process 26
2024/12/11 10:47:32 [notice] 1#1: start worker process 27
2024/12/11 10:47:32 [notice] 1#1: start worker process 28
2024/12/11 10:47:32 [notice] 1#1: start worker process 29
2024/12/11 10:48:38 [notice] 1#1: signal 3 (SIGQUIT) received, shutting down
2024/12/11 10:48:38 [notice] 21#21: gracefully shutting down
2024/12/11 10:48:38 [notice] 20#20: gracefully shutting down
2024/12/11 10:48:38 [notice] 22#22: gracefully shutting down
2024/12/11 10:48:38 [notice] 25#25: gracefully shutting down
2024/12/11 10:48:38 [notice] 24#24: gracefully shutting down
2024/12/11 10:48:38 [notice] 23#23: gracefully shutting down
2024/12/11 10:48:38 [notice] 28#28: gracefully shutting down
2024/12/11 10:48:38 [notice] 26#26: gracefully shutting down
2024/12/11 10:48:38 [notice] 29#29: gracefully shutting down
2024/12/11 10:48:38 [notice] 27#27: gracefully shutting down
2024/12/11 10:48:38 [notice] 21#21: exiting
2024/12/11 10:48:38 [notice] 20#20: exiting
2024/12/11 10:48:38 [notice] 21#21: exit
2024/12/11 10:48:38 [notice] 22#22: exiting
2024/12/11 10:48:38 [notice] 25#25: exiting
2024/12/11 10:48:38 [notice] 24#24: exiting
2024/12/11 10:48:38 [notice] 23#23: exiting
2024/12/11 10:48:38 [notice] 28#28: exiting
2024/12/11 10:48:38 [notice] 26#26: exiting
2024/12/11 10:48:38 [notice] 29#29: exiting
2024/12/11 10:48:38 [notice] 27#27: exiting
2024/12/11 10:48:38 [notice] 20#20: exit
2024/12/11 10:48:38 [notice] 22#22: exit
2024/12/11 10:48:38 [notice] 25#25: exit
2024/12/11 10:48:38 [notice] 24#24: exit
2024/12/11 10:48:38 [notice] 23#23: exit
2024/12/11 10:48:38 [notice] 28#28: exit
2024/12/11 10:48:38 [notice] 26#26: exit
2024/12/11 10:48:38 [notice] 29#29: exit
2024/12/11 10:48:38 [notice] 27#27: exit
2024/12/11 10:48:38 [notice] 1#1: signal 17 (SIGCHLD) received from 20
2024/12/11 10:48:38 [notice] 1#1: worker process 20 exited with code 0
2024/12/11 10:48:38 [notice] 1#1: signal 29 (SIGIO) received
2024/12/11 10:48:38 [notice] 1#1: signal 17 (SIGCHLD) received from 22
2024/12/11 10:48:38 [notice] 1#1: worker process 21 exited with code 0
2024/12/11 10:48:38 [notice] 1#1: worker process 22 exited with code 0
2024/12/11 10:48:38 [notice] 1#1: worker process 23 exited with code 0
2024/12/11 10:48:38 [notice] 1#1: worker process 25 exited with code 0
2024/12/11 10:48:38 [notice] 1#1: worker process 26 exited with code 0
2024/12/11 10:48:38 [notice] 1#1: worker process 27 exited with code 0
2024/12/11 10:48:38 [notice] 1#1: worker process 28 exited with code 0
2024/12/11 10:48:38 [notice] 1#1: worker process 29 exited with code 0
2024/12/11 10:48:38 [notice] 1#1: signal 29 (SIGIO) received
2024/12/11 10:48:38 [notice] 1#1: signal 17 (SIGCHLD) received from 28
2024/12/11 10:48:38 [notice] 1#1: signal 17 (SIGCHLD) received from 24
2024/12/11 10:48:38 [notice] 1#1: worker process 24 exited with code 0
2024/12/11 10:48:38 [notice] 1#1: exit
2024/12/11 10:48:49 [notice] 1#1: using the "epoll" event method
2024/12/11 10:48:49 [notice] 1#1: nginx/1.27.3
2024/12/11 10:48:49 [notice] 1#1: built by gcc 13.2.1 20240309 (Alpine 13.2.1_git20240309) 
2024/12/11 10:48:49 [notice] 1#1: OS: Linux 6.6.12-linuxkit
2024/12/11 10:48:49 [notice] 1#1: getrlimit(RLIMIT_NOFILE): 1048576:1048576
2024/12/11 10:48:49 [notice] 1#1: start worker processes
2024/12/11 10:48:49 [notice] 1#1: start worker process 20
2024/12/11 10:48:49 [notice] 1#1: start worker process 21
2024/12/11 10:48:49 [notice] 1#1: start worker process 22
2024/12/11 10:48:49 [notice] 1#1: start worker process 23
2024/12/11 10:48:49 [notice] 1#1: start worker process 24
2024/12/11 10:48:49 [notice] 1#1: start worker process 25
2024/12/11 10:48:49 [notice] 1#1: start worker process 26
2024/12/11 10:48:49 [notice] 1#1: start worker process 27
2024/12/11 10:48:49 [notice] 1#1: start worker process 28
2024/12/11 10:48:49 [notice] 1#1: start worker process 29
2024/12/11 10:53:40 [notice] 1#1: signal 3 (SIGQUIT) received, shutting down
2024/12/11 10:53:40 [notice] 20#20: gracefully shutting down
2024/12/11 10:53:40 [notice] 25#25: gracefully shutting down
2024/12/11 10:53:40 [notice] 21#21: gracefully shutting down
2024/12/11 10:53:40 [notice] 23#23: gracefully shutting down
2024/12/11 10:53:40 [notice] 22#22: gracefully shutting down
2024/12/11 10:53:40 [notice] 27#27: gracefully shutting down
2024/12/11 10:53:40 [notice] 24#24: gracefully shutting down
2024/12/11 10:53:40 [notice] 28#28: gracefully shutting down
2024/12/11 10:53:40 [notice] 26#26: gracefully shutting down
2024/12/11 10:53:40 [notice] 29#29: gracefully shutting down
2024/12/11 10:53:40 [notice] 24#24: exiting
2024/12/11 10:53:40 [notice] 20#20: exiting
2024/12/11 10:53:40 [notice] 25#25: exiting
2024/12/11 10:53:40 [notice] 21#21: exiting
2024/12/11 10:53:40 [notice] 23#23: exiting
2024/12/11 10:53:40 [notice] 22#22: exiting
2024/12/11 10:53:40 [notice] 27#27: exiting
2024/12/11 10:53:40 [notice] 28#28: exiting
2024/12/11 10:53:40 [notice] 27#27: exit
2024/12/11 10:53:40 [notice] 26#26: exiting
2024/12/11 10:53:40 [notice] 29#29: exiting
2024/12/11 10:53:40 [notice] 25#25: exit
2024/12/11 10:53:40 [notice] 24#24: exit
2024/12/11 10:53:40 [notice] 20#20: exit
2024/12/11 10:53:40 [notice] 21#21: exit
2024/12/11 10:53:40 [notice] 23#23: exit
2024/12/11 10:53:40 [notice] 22#22: exit
2024/12/11 10:53:40 [notice] 28#28: exit
2024/12/11 10:53:40 [notice] 26#26: exit
2024/12/11 10:53:40 [notice] 29#29: exit
2024/12/11 10:53:40 [notice] 1#1: signal 17 (SIGCHLD) received from 22
2024/12/11 10:53:40 [notice] 1#1: worker process 20 exited with code 0
2024/12/11 10:53:40 [notice] 1#1: worker process 22 exited with code 0
2024/12/11 10:53:40 [notice] 1#1: worker process 26 exited with code 0
2024/12/11 10:53:40 [notice] 1#1: worker process 28 exited with code 0
2024/12/11 10:53:40 [notice] 1#1: worker process 29 exited with code 0
2024/12/11 10:53:40 [notice] 1#1: signal 29 (SIGIO) received
2024/12/11 10:53:40 [notice] 1#1: signal 17 (SIGCHLD) received from 20
2024/12/11 10:53:40 [notice] 1#1: signal 17 (SIGCHLD) received from 27
2024/12/11 10:53:40 [notice] 1#1: worker process 24 exited with code 0
2024/12/11 10:53:40 [notice] 1#1: worker process 25 exited with code 0
2024/12/11 10:53:40 [notice] 1#1: worker process 27 exited with code 0
2024/12/11 10:53:40 [notice] 1#1: signal 29 (SIGIO) received
2024/12/11 10:53:40 [notice] 1#1: signal 17 (SIGCHLD) received from 25
2024/12/11 10:53:40 [notice] 1#1: signal 17 (SIGCHLD) received from 21
2024/12/11 10:53:40 [notice] 1#1: worker process 21 exited with code 0
2024/12/11 10:53:40 [notice] 1#1: signal 29 (SIGIO) received
2024/12/11 10:53:40 [notice] 1#1: signal 17 (SIGCHLD) received from 23
2024/12/11 10:53:40 [notice] 1#1: worker process 23 exited with code 0
2024/12/11 10:53:40 [notice] 1#1: exit
2024/12/11 11:08:13 [notice] 1#1: using the "epoll" event method
2024/12/11 11:08:13 [notice] 1#1: nginx/1.27.3
2024/12/11 11:08:13 [notice] 1#1: built by gcc 13.2.1 20240309 (Alpine 13.2.1_git20240309) 
2024/12/11 11:08:13 [notice] 1#1: OS: Linux 6.6.12-linuxkit
2024/12/11 11:08:13 [notice] 1#1: getrlimit(RLIMIT_NOFILE): 1048576:1048576
2024/12/11 11:08:13 [notice] 1#1: start worker processes
2024/12/11 11:08:13 [notice] 1#1: start worker process 20
2024/12/11 11:08:13 [notice] 1#1: start worker process 21
2024/12/11 11:08:13 [notice] 1#1: start worker process 22
2024/12/11 11:08:13 [notice] 1#1: start worker process 23
2024/12/11 11:08:13 [notice] 1#1: start worker process 24
2024/12/11 11:08:13 [notice] 1#1: start worker process 25
2024/12/11 11:08:13 [notice] 1#1: start worker process 26
2024/12/11 11:08:13 [notice] 1#1: start worker process 27
2024/12/11 11:08:13 [notice] 1#1: start worker process 28
2024/12/11 11:08:13 [notice] 1#1: start worker process 29
2024/12/11 11:10:42 [notice] 1#1: signal 3 (SIGQUIT) received, shutting down
2024/12/11 11:10:42 [notice] 20#20: gracefully shutting down
2024/12/11 11:10:42 [notice] 22#22: gracefully shutting down
2024/12/11 11:10:42 [notice] 21#21: gracefully shutting down
2024/12/11 11:10:42 [notice] 23#23: gracefully shutting down
2024/12/11 11:10:42 [notice] 24#24: gracefully shutting down
2024/12/11 11:10:42 [notice] 29#29: gracefully shutting down
2024/12/11 11:10:42 [notice] 26#26: gracefully shutting down
2024/12/11 11:10:42 [notice] 29#29: exiting
2024/12/11 11:10:42 [notice] 25#25: gracefully shutting down
2024/12/11 11:10:42 [notice] 27#27: gracefully shutting down
2024/12/11 11:10:42 [notice] 28#28: gracefully shutting down
2024/12/11 11:10:42 [notice] 27#27: exiting
2024/12/11 11:10:42 [notice] 20#20: exiting
2024/12/11 11:10:42 [notice] 27#27: exit
2024/12/11 11:10:42 [notice] 22#22: exiting
2024/12/11 11:10:42 [notice] 21#21: exiting
2024/12/11 11:10:42 [notice] 23#23: exiting
2024/12/11 11:10:42 [notice] 24#24: exiting
2024/12/11 11:10:42 [notice] 26#26: exiting
2024/12/11 11:10:42 [notice] 29#29: exit
2024/12/11 11:10:42 [notice] 25#25: exiting
2024/12/11 11:10:42 [notice] 28#28: exiting
2024/12/11 11:10:42 [notice] 20#20: exit
2024/12/11 11:10:42 [notice] 22#22: exit
2024/12/11 11:10:42 [notice] 21#21: exit
2024/12/11 11:10:42 [notice] 23#23: exit
2024/12/11 11:10:42 [notice] 24#24: exit
2024/12/11 11:10:42 [notice] 26#26: exit
2024/12/11 11:10:42 [notice] 25#25: exit
2024/12/11 11:10:42 [notice] 28#28: exit
2024/12/11 11:10:42 [notice] 1#1: signal 17 (SIGCHLD) received from 21
2024/12/11 11:10:42 [notice] 1#1: worker process 21 exited with code 0
2024/12/11 11:10:42 [notice] 1#1: worker process 23 exited with code 0
2024/12/11 11:10:42 [notice] 1#1: worker process 26 exited with code 0
2024/12/11 11:10:42 [notice] 1#1: worker process 27 exited with code 0
2024/12/11 11:10:42 [notice] 1#1: worker process 28 exited with code 0
2024/12/11 11:10:42 [notice] 1#1: signal 29 (SIGIO) received
2024/12/11 11:10:42 [notice] 1#1: signal 17 (SIGCHLD) received from 27
2024/12/11 11:10:42 [notice] 1#1: signal 17 (SIGCHLD) received from 20
2024/12/11 11:10:42 [notice] 1#1: worker process 20 exited with code 0
2024/12/11 11:10:42 [notice] 1#1: worker process 22 exited with code 0
2024/12/11 11:10:42 [notice] 1#1: worker process 24 exited with code 0
2024/12/11 11:10:42 [notice] 1#1: worker process 25 exited with code 0
2024/12/11 11:10:42 [notice] 1#1: worker process 29 exited with code 0
2024/12/11 11:10:42 [notice] 1#1: exit
2024/12/11 11:10:52 [notice] 1#1: using the "epoll" event method
2024/12/11 11:10:52 [notice] 1#1: nginx/1.27.3
2024/12/11 11:10:52 [notice] 1#1: built by gcc 13.2.1 20240309 (Alpine 13.2.1_git20240309) 
2024/12/11 11:10:52 [notice] 1#1: OS: Linux 6.6.12-linuxkit
2024/12/11 11:10:52 [notice] 1#1: getrlimit(RLIMIT_NOFILE): 1048576:1048576
2024/12/11 11:10:52 [notice] 1#1: start worker processes
2024/12/11 11:10:52 [notice] 1#1: start worker process 20
2024/12/11 11:10:52 [notice] 1#1: start worker process 21
2024/12/11 11:10:52 [notice] 1#1: start worker process 22
2024/12/11 11:10:52 [notice] 1#1: start worker process 23
2024/12/11 11:10:52 [notice] 1#1: start worker process 24
2024/12/11 11:10:52 [notice] 1#1: start worker process 25
2024/12/11 11:10:52 [notice] 1#1: start worker process 26
2024/12/11 11:10:52 [notice] 1#1: start worker process 27
2024/12/11 11:10:52 [notice] 1#1: start worker process 28
2024/12/11 11:10:52 [notice] 1#1: start worker process 29
2024/12/11 11:11:33 [notice] 1#1: signal 3 (SIGQUIT) received, shutting down
2024/12/11 11:11:33 [notice] 20#20: gracefully shutting down
2024/12/11 11:11:33 [notice] 21#21: gracefully shutting down
2024/12/11 11:11:33 [notice] 22#22: gracefully shutting down
2024/12/11 11:11:33 [notice] 23#23: gracefully shutting down
2024/12/11 11:11:33 [notice] 28#28: gracefully shutting down
2024/12/11 11:11:33 [notice] 29#29: gracefully shutting down
2024/12/11 11:11:33 [notice] 24#24: gracefully shutting down
2024/12/11 11:11:33 [notice] 25#25: gracefully shutting down
2024/12/11 11:11:33 [notice] 27#27: gracefully shutting down
2024/12/11 11:11:33 [notice] 26#26: gracefully shutting down
2024/12/11 11:11:33 [notice] 20#20: exiting
2024/12/11 11:11:33 [notice] 21#21: exiting
2024/12/11 11:11:33 [notice] 22#22: exiting
2024/12/11 11:11:33 [notice] 23#23: exiting
2024/12/11 11:11:33 [notice] 28#28: exiting
2024/12/11 11:11:33 [notice] 29#29: exiting
2024/12/11 11:11:33 [notice] 24#24: exiting
2024/12/11 11:11:33 [notice] 25#25: exiting
2024/12/11 11:11:33 [notice] 27#27: exiting
2024/12/11 11:11:33 [notice] 26#26: exiting
2024/12/11 11:11:33 [notice] 20#20: exit
2024/12/11 11:11:33 [notice] 21#21: exit
2024/12/11 11:11:33 [notice] 22#22: exit
2024/12/11 11:11:33 [notice] 23#23: exit
2024/12/11 11:11:33 [notice] 28#28: exit
2024/12/11 11:11:33 [notice] 29#29: exit
2024/12/11 11:11:33 [notice] 24#24: exit
2024/12/11 11:11:33 [notice] 25#25: exit
2024/12/11 11:11:33 [notice] 27#27: exit
2024/12/11 11:11:33 [notice] 26#26: exit
2024/12/11 11:11:33 [notice] 1#1: signal 17 (SIGCHLD) received from 24
2024/12/11 11:11:33 [notice] 1#1: worker process 20 exited with code 0
2024/12/11 11:11:33 [notice] 1#1: worker process 21 exited with code 0
2024/12/11 11:11:33 [notice] 1#1: worker process 22 exited with code 0
2024/12/11 11:11:33 [notice] 1#1: worker process 23 exited with code 0
2024/12/11 11:11:33 [notice] 1#1: worker process 24 exited with code 0
2024/12/11 11:11:33 [notice] 1#1: worker process 25 exited with code 0
2024/12/11 11:11:33 [notice] 1#1: worker process 27 exited with code 0
2024/12/11 11:11:33 [notice] 1#1: worker process 28 exited with code 0
2024/12/11 11:11:33 [notice] 1#1: worker process 29 exited with code 0
2024/12/11 11:11:33 [notice] 1#1: signal 29 (SIGIO) received
2024/12/11 11:11:33 [notice] 1#1: signal 17 (SIGCHLD) received from 20
2024/12/11 11:11:33 [notice] 1#1: signal 17 (SIGCHLD) received from 26
2024/12/11 11:11:33 [notice] 1#1: worker process 26 exited with code 0
2024/12/11 11:11:33 [notice] 1#1: exit
2024/12/11 11:11:44 [notice] 1#1: using the "epoll" event method
2024/12/11 11:11:44 [notice] 1#1: nginx/1.27.3
2024/12/11 11:11:44 [notice] 1#1: built by gcc 13.2.1 20240309 (Alpine 13.2.1_git20240309) 
2024/12/11 11:11:44 [notice] 1#1: OS: Linux 6.6.12-linuxkit
2024/12/11 11:11:44 [notice] 1#1: getrlimit(RLIMIT_NOFILE): 1048576:1048576
2024/12/11 11:11:44 [notice] 1#1: start worker processes
2024/12/11 11:11:44 [notice] 1#1: start worker process 20
2024/12/11 11:11:44 [notice] 1#1: start worker process 21
2024/12/11 11:11:44 [notice] 1#1: start worker process 22
2024/12/11 11:11:44 [notice] 1#1: start worker process 23
2024/12/11 11:11:44 [notice] 1#1: start worker process 24
2024/12/11 11:11:44 [notice] 1#1: start worker process 25
2024/12/11 11:11:44 [notice] 1#1: start worker process 26
2024/12/11 11:11:44 [notice] 1#1: start worker process 27
2024/12/11 11:11:44 [notice] 1#1: start worker process 28
2024/12/11 11:11:44 [notice] 1#1: start worker process 29
